app/build/intermediates/manifest_merge_blame_file/release/manifest-merger-blame-release-report.txt
1<?xml version="1.0" encoding="utf-8"?>
2<manifest xmlns:android="http://schemas.android.com/apk/res/android"
3    xmlns:tools="http://schemas.android.com/tools"
4    package="sg.just4fun.tgasdk"
5    android:versionCode="1"
6    android:versionName="0.0.1" >
7
8    <uses-sdk
9        android:minSdkVersion="16"
9-->src\main\AndroidManifest.xml
10        android:targetSdkVersion="28" />
10-->src\main\AndroidManifest.xml
11
12    <uses-permission android:name="android.permission.INTERNET" />
12-->src\main\AndroidManifest.xml:6:5-67
12-->src\main\AndroidManifest.xml:6:22-64
13
14    <application
14-->src\main\AndroidManifest.xml:8:5-26:19
15        android:allowBackup="true"
15-->src\main\AndroidManifest.xml:9:9-35
16        android:hardwareAccelerated="true"
16-->src\main\AndroidManifest.xml:10:9-43
17        android:supportsRtl="true"
17-->src\main\AndroidManifest.xml:11:9-35
18        android:usesCleartextTraffic="true" >
18-->src\main\AndroidManifest.xml:12:9-44
19        <activity
19-->src\main\AndroidManifest.xml:14:9-20:20
20            android:name="sg.just4fun.tgasdk.tga.ui.home.HomeActivity"
20-->src\main\AndroidManifest.xml:14:19-59
21            android:configChanges="orientation|keyboardHidden|screenSize"
21-->src\main\AndroidManifest.xml:15:13-74
22            android:screenOrientation="portrait"
22-->src\main\AndroidManifest.xml:16:13-49
23            android:windowSoftInputMode="stateVisible|adjustResize|stateAlwaysHidden" >
23-->src\main\AndroidManifest.xml:17:13-86
24        </activity>
25        <activity
25-->src\main\AndroidManifest.xml:21:9-25:89
26            android:name="sg.just4fun.tgasdk.web.WebViewGameActivity"
26-->src\main\AndroidManifest.xml:22:13-52
27            android:configChanges="orientation|keyboardHidden|screenSize"
27-->src\main\AndroidManifest.xml:23:13-74
28            android:screenOrientation="portrait"
28-->src\main\AndroidManifest.xml:24:13-49
29            android:windowSoftInputMode="stateVisible|adjustResize|stateAlwaysHidden" />
29-->src\main\AndroidManifest.xml:25:13-86
30    </application>
31
32</manifest>